AL = Blue
AR = Blue
AZ = Blue
CA = Green
CO = Green
CT = Blue
DC = Blue
DE = Blue
FL = Green
GA = Red
IA = Blue
ID = Blue
IL = Green
IN = Blue
KS = Blue
KY = Red
LA = Red
MA = Green
MD = Green
ME = Blue
MI = Green
MN = Red
MO = Yellow
MS = Yellow
MT = Red
NC = Blue
ND = Blue
NE = Red
NH = Red
NJ = Green
NM = Yellow
NV = Yellow
NY = Yellow
OH = Yellow
OK = Red
OR = Red
PA = Red
RI = Red
SC = Green
SD = Green
TN = Green
TX = Green
UT = Red
VA = Yellow
VT = Blue
WA = Green
WI = Yellow
WV = Blue
WY = Yellow
